
=== Thu May  2 15:58:20 2024

Packages were changed.
Update Mode: mergeDefaultDependencies

The following packages were added:
  com.unity.modules.ai@1.0.0
  com.unity.modules.androidjni@1.0.0
  com.unity.modules.animation@1.0.0
  com.unity.modules.assetbundle@1.0.0
  com.unity.modules.audio@1.0.0
  com.unity.modules.cloth@1.0.0
  com.unity.modules.director@1.0.0
  com.unity.modules.imageconversion@1.0.0
  com.unity.modules.imgui@1.0.0
  com.unity.modules.jsonserialize@1.0.0
  com.unity.modules.particlesystem@1.0.0
  com.unity.modules.physics@1.0.0
  com.unity.modules.physics2d@1.0.0
  com.unity.modules.screencapture@1.0.0
  com.unity.modules.terrain@1.0.0
  com.unity.modules.terrainphysics@1.0.0
  com.unity.modules.tilemap@1.0.0
  com.unity.modules.ui@1.0.0
  com.unity.modules.uielements@1.0.0
  com.unity.modules.umbra@1.0.0
  com.unity.modules.unityanalytics@1.0.0
  com.unity.modules.unitywebrequest@1.0.0
  com.unity.modules.unitywebrequestassetbundle@1.0.0
  com.unity.modules.unitywebrequestaudio@1.0.0
  com.unity.modules.unitywebrequesttexture@1.0.0
  com.unity.modules.unitywebrequestwww@1.0.0
  com.unity.modules.vehicles@1.0.0
  com.unity.modules.video@1.0.0
  com.unity.modules.vr@1.0.0
  com.unity.modules.wind@1.0.0
  com.unity.modules.xr@1.0.0
The following packages were updated:
  com.unity.collab-proxy from version 1.13.5 to 2.0.4
  com.unity.timeline from version 1.6.2 to 1.7.4
  com.unity.visualscripting from version 1.7.6 to 1.8.0

=== Thu May  2 16:06:09 2024

Packages were changed.
Update Mode: updateDependencies

The following packages were updated:
  com.unity.addressables from version 1.19.19 to 1.21.9
  com.unity.animation.rigging from version 1.2.0 to 1.2.1
  com.unity.render-pipelines.universal from version 12.1.12 to 14.0.7
  com.unity.timeline from version 1.6.5 to 1.7.4

=== Thu May  2 16:06:09 2024

Packages were changed.
Update Mode: mergeDefaultDependencies

The following packages were added:
  com.unity.addressables@1.21.9
  com.unity.animation.rigging@1.2.1
  com.unity.ide.rider@3.0.21
  com.unity.ide.visualstudio@2.0.18
  com.unity.ide.vscode@1.2.5
  com.unity.inputsystem@1.6.1
  com.unity.nuget.newtonsoft-json@3.2.1
  com.unity.render-pipelines.universal@14.0.7
  com.unity.test-framework@1.1.33
  com.unity.vectorgraphics@2.0.0-preview.18

=== Thu May  2 16:10:47 2024

Packages were changed.
Update Mode: updateDependencies

The following packages were updated:
  com.unity.addressables from version 1.19.19 to 1.21.9
  com.unity.animation.rigging from version 1.2.0 to 1.2.1
  com.unity.render-pipelines.universal from version 12.1.12 to 14.0.7
  com.unity.timeline from version 1.6.5 to 1.7.4

=== Thu May  2 23:29:04 2024

Packages were changed.
Update Mode: updateDependencies

The following packages were added:
  com.unity.ai.navigation@1.1.3
